This file contains any messages produced by compilers while
running configure, to aid debugging if configure makes a mistake.

It was created by configure, which was
generated by GNU Autoconf 2.68.  Invocation command line was

  $ /Users/mira/Downloads/hdf-java-2.11.0/configure 

## --------- ##
## Platform. ##
## --------- ##

hostname = Miras.local
uname -m = x86_64
uname -r = 14.5.0
uname -s = Darwin
uname -v = Darwin Kernel Version 14.5.0: Tue Sep  1 21:23:09 PDT 2015; root:xnu-2782.50.1~1/RELEASE_X86_64

/usr/bin/uname -p = i386
/bin/uname -X     = unknown

/bin/arch              = unknown
/usr/bin/arch -k       = unknown
/usr/convex/getsysinfo = unknown
/usr/bin/hostinfo      = Mach kernel version:
	 Darwin Kernel Version 14.5.0: Tue Sep  1 21:23:09 PDT 2015; root:xnu-2782.50.1~1/RELEASE_X86_64
Kernel configured for up to 8 processors.
4 processors are physically available.
8 processors are logically available.
Processor type: x86_64h (Intel x86-64h Haswell)
Processors active: 0 1 2 3 4 5 6 7
Primary memory available: 8.00 gigabytes
Default processor set: 268 tasks, 1636 threads, 8 processors
Load average: 2.82, Mach factor: 5.16
/bin/machine           = unknown
/usr/bin/oslevel       = unknown
/bin/universe          = unknown

PATH: /Users/mira/bin/spark-1.5.1-bin-hadoop2.6//bin
PATH: /Users/mira/anaconda/bin
PATH: /usr/local/heroku/bin
PATH: /usr/local/bin
PATH: /usr/bin
PATH: /bin
PATH: /usr/sbin
PATH: /sbin
PATH: /opt/X11/bin
PATH: /usr/texbin
PATH: /Users/mira/bin/gradle-2.3//bin


## ----------- ##
## Core tests. ##
## ----------- ##

configure:2111: checking if tr works
configure:2117: result: yes
configure:2125: checking for gawk
configure:2155: result: no
configure:2125: checking for mawk
configure:2155: result: no
configure:2125: checking for nawk
configure:2155: result: no
configure:2125: checking for awk
configure:2141: found /usr/bin/awk
configure:2152: result: awk
configure:2163: checking if expr works
configure:2186: result: yes
configure:2238: checking for gcc
configure:2254: found /usr/bin/gcc
configure:2265: result: gcc
configure:2494: checking for C compiler version
configure:2503: gcc --version >&5
Apple LLVM version 7.0.0 (clang-700.1.76)
Target: x86_64-apple-darwin14.5.0
Thread model: posix
Configured with: --prefix=/Applications/Xcode.app/Contents/Developer/usr --with-gxx-include-dir=/usr/include/c++/4.2.1
configure:2514: $? = 0
configure:2503: gcc -v >&5
Configured with: --prefix=/Applications/Xcode.app/Contents/Developer/usr --with-gxx-include-dir=/usr/include/c++/4.2.1
Apple LLVM version 7.0.0 (clang-700.1.76)
Target: x86_64-apple-darwin14.5.0
Thread model: posix
configure:2514: $? = 0
configure:2503: gcc -V >&5
clang: error: argument to '-V' is missing (expected 1 value)
clang: error: no input files
configure:2514: $? = 1
configure:2503: gcc -qversion >&5
clang: error: unknown argument: '-qversion'
clang: error: no input files
configure:2514: $? = 1
configure:2534: checking whether the C compiler works
configure:2556: gcc    conftest.c  >&5
configure:2560: $? = 0
configure:2608: result: yes
configure:2611: checking for C compiler default output file name
configure:2613: result: a.out
configure:2619: checking for suffix of executables
configure:2626: gcc -o conftest    conftest.c  >&5
configure:2630: $? = 0
configure:2652: result: 
configure:2674: checking whether we are cross compiling
configure:2682: gcc -o conftest    conftest.c  >&5
configure:2686: $? = 0
configure:2693: ./conftest
configure:2697: $? = 0
configure:2712: result: no
configure:2717: checking for suffix of object files
configure:2739: gcc -c   conftest.c >&5
configure:2743: $? = 0
configure:2764: result: o
configure:2768: checking whether we are using the GNU C compiler
configure:2787: gcc -c   conftest.c >&5
configure:2787: $? = 0
configure:2796: result: yes
configure:2805: checking whether gcc accepts -g
configure:2825: gcc -c -g  conftest.c >&5
configure:2825: $? = 0
configure:2866: result: yes
configure:2883: checking for gcc option to accept ISO C89
configure:2947: gcc  -c -g -O2  conftest.c >&5
configure:2947: $? = 0
configure:2960: result: none needed
configure:2981: checking whether make sets $(MAKE)
configure:3003: result: yes
configure:3026: checking for a BSD-compatible install
configure:3094: result: /usr/bin/install -c
configure:3112: checking how to run the C preprocessor
configure:3143: gcc -E  conftest.c
configure:3143: $? = 0
configure:3157: gcc -E  conftest.c
conftest.c:9:10: fatal error: 'ac_nonexistent.h' file not found
#include <ac_nonexistent.h>
         ^
1 error generated.
configure:3157: $? = 1
configure: failed program was:
| /* confdefs.h */
| #define PACKAGE_NAME ""
| #define PACKAGE_TARNAME ""
| #define PACKAGE_VERSION ""
| #define PACKAGE_STRING ""
| #define PACKAGE_BUGREPORT ""
| #define PACKAGE_URL ""
| /* end confdefs.h.  */
| #include <ac_nonexistent.h>
configure:3182: result: gcc -E
configure:3202: gcc -E  conftest.c
configure:3202: $? = 0
configure:3216: gcc -E  conftest.c
conftest.c:9:10: fatal error: 'ac_nonexistent.h' file not found
#include <ac_nonexistent.h>
         ^
1 error generated.
configure:3216: $? = 1
configure: failed program was:
| /* confdefs.h */
| #define PACKAGE_NAME ""
| #define PACKAGE_TARNAME ""
| #define PACKAGE_VERSION ""
| #define PACKAGE_STRING ""
| #define PACKAGE_BUGREPORT ""
| #define PACKAGE_URL ""
| /* end confdefs.h.  */
| #include <ac_nonexistent.h>
configure:3245: checking for grep that handles long lines and -e
configure:3303: result: /usr/bin/grep
configure:3308: checking for egrep
configure:3370: result: /usr/bin/grep -E
configure:3375: checking for ANSI C header files
configure:3395: gcc -c -g -O2  conftest.c >&5
configure:3395: $? = 0
configure:3468: gcc -o conftest -g -O2   conftest.c  >&5
configure:3468: $? = 0
configure:3468: ./conftest
configure:3468: $? = 0
configure:3479: result: yes
configure:3487: checking for ceil in -lm
configure:3512: gcc -o conftest -g -O2   conftest.c -lm   >&5
conftest.c:17:6: warning: incompatible redeclaration of library function 'ceil' [-Wincompatible-library-redeclaration]
char ceil ();
     ^
conftest.c:17:6: note: 'ceil' is a builtin with type 'double (double)'
1 warning generated.
configure:3512: $? = 0
configure:3521: result: yes
configure:3585: checking for rm
configure:3603: found /bin/rm
configure:3616: result: /bin/rm
configure:3626: checking for find
configure:3644: found /usr/bin/find
configure:3657: result: /usr/bin/find
configure:3670: checking build system type
configure:3679: error: cannot guess build type; you must specify one

## ---------------- ##
## Cache variables. ##
## ---------------- ##

ac_cv_c_compiler_gnu=yes
ac_cv_env_CC_set=
ac_cv_env_CC_value=
ac_cv_env_CFLAGS_set=
ac_cv_env_CFLAGS_value=
ac_cv_env_CPPFLAGS_set=
ac_cv_env_CPPFLAGS_value=
ac_cv_env_CPP_set=
ac_cv_env_CPP_value=
ac_cv_env_LDFLAGS_set=
ac_cv_env_LDFLAGS_value=
ac_cv_env_LIBS_set=
ac_cv_env_LIBS_value=
ac_cv_env_build_alias_set=
ac_cv_env_build_alias_value=
ac_cv_env_host_alias_set=
ac_cv_env_host_alias_value=
ac_cv_env_target_alias_set=
ac_cv_env_target_alias_value=
ac_cv_header_stdc=yes
ac_cv_lib_m_ceil=yes
ac_cv_objext=o
ac_cv_path_EGREP='/usr/bin/grep -E'
ac_cv_path_FIND=/usr/bin/find
ac_cv_path_GREP=/usr/bin/grep
ac_cv_path_RM=/bin/rm
ac_cv_path_install='/usr/bin/install -c'
ac_cv_prog_AWK=awk
ac_cv_prog_CPP='gcc -E'
ac_cv_prog_ac_ct_CC=gcc
ac_cv_prog_cc_c89=
ac_cv_prog_cc_g=yes
ac_cv_prog_make_make_set=yes

## ----------------- ##
## Output variables. ##
## ----------------- ##

AWK='awk'
CC='gcc'
CFLAGS='-g -O2'
CLASSPATH=''
COPT=''
COPTNOSHARE=''
CPP='gcc -E'
CPPFLAGS=''
DEFS=''
ECHO_C='\c'
ECHO_N=''
ECHO_T=''
EGREP='/usr/bin/grep -E'
EXEEXT=''
FIND='/usr/bin/find'
GREP='/usr/bin/grep'
H45INC=''
H45LIB=''
HDF4INC=''
HDF4LIB=''
HDF5INC=''
HDF5LIB=''
INSTALL_DATA='${INSTALL} -m 644'
INSTALL_PROGRAM='${INSTALL}'
INSTALL_SCRIPT='${INSTALL}'
JAR=''
JAVA=''
JAVABIN=''
JAVAC=''
JAVADOC=''
JAVAINC2=''
JAVAINC=''
JAVALIB=''
JAVATARG=''
JAVAX=''
JH45INST=''
JH5INST=''
JHVINST=''
JPEGLIB=''
JSLEXT=''
LD=''
LDFLAGS=''
LDOPT2=''
LDOPT=''
LIBH45=''
LIBOBJS=''
LIBS='-lm '
LLEXT=''
LTLIBOBJS=''
OBJEXT='o'
PACKAGE_BUGREPORT=''
PACKAGE_NAME=''
PACKAGE_STRING=''
PACKAGE_TARNAME=''
PACKAGE_URL=''
PACKAGE_VERSION=''
PATH_SEPARATOR=':'
RM='/bin/rm'
SET_MAKE=''
SHELL='/bin/sh'
SLEXT=''
SZLIB=''
TARGET=''
VERSSTRING=''
ZLIB=''
ac_ct_CC='gcc'
bindir='${exec_prefix}/bin'
build=''
build_alias=''
build_cpu=''
build_os=''
build_vendor=''
datadir='${datarootdir}'
datarootdir='${prefix}/share'
docdir='${datarootdir}/doc/${PACKAGE}'
dvidir='${docdir}'
exec_prefix='NONE'
host=''
host_alias=''
host_cpu=''
host_os=''
host_vendor=''
htmldir='${docdir}'
includedir='${prefix}/include'
infodir='${datarootdir}/info'
javabin=''
jdkclasses=''
libdir='${exec_prefix}/lib'
libexecdir='${exec_prefix}/libexec'
localedir='${datarootdir}/locale'
localstatedir='${prefix}/var'
mandir='${datarootdir}/man'
oldincludedir='/usr/include'
pdfdir='${docdir}'
prefix='NONE'
program_transform_name='s,x,x,'
psdir='${docdir}'
sbindir='${exec_prefix}/sbin'
sharedstatedir='${prefix}/com'
sysconfdir='${prefix}/etc'
target=''
target_alias=''
target_cpu=''
target_os=''
target_vendor=''

## ------------------- ##
## File substitutions. ##
## ------------------- ##

VERSION=''

## ----------- ##
## confdefs.h. ##
## ----------- ##

/* confdefs.h */
#define PACKAGE_NAME ""
#define PACKAGE_TARNAME ""
#define PACKAGE_VERSION ""
#define PACKAGE_STRING ""
#define PACKAGE_BUGREPORT ""
#define PACKAGE_URL ""
#define STDC_HEADERS 1
#define HAVE_LIBM 1

configure: exit 1
